Arguments: 
  /data/data/com.termux/files/usr/bin/node /data/data/com.termux/files/usr/share/yarn/bin/yarn.js install

PATH: 
  /data/data/com.termux/files/usr/bin:/data/data/com.termux/files/home/.local/bin:/data/data/com.termux/files/usr/bin

Yarn version: 
  1.22.19

Node version: 
  20.2.0

Platform: 
  android arm64

Trace: 
  Error [ERR_SOCKET_CONNECTION_TIMEOUT]: Socket connection timeout
      at new NodeError (node:internal/errors:399:5)
      at internalConnectMultiple (node:net:1099:20)
      at Timeout.internalConnectMultipleTimeout (node:net:1638:3)
      at listOnTimeout (node:internal/timers:575:11)
      at process.processTimers (node:internal/timers:514:7)

npm manifest: 
  {
    "name": "whatsapp-bot",
    "version": "0.0.0",
    "private": true,
    "main": "index.js",
    "type": "commonjs",
    "scripts": {
      "start": "node index.js",
      "dev": "nodemon index.js"
    },
    "dependencies": {
      "@whiskeysockets/baileys" : "^6.5.0",
      "@adiwajshing/keyed-db": "^0.2.4",
      "@hapi/boom": "^10.0.1",
      "pino": "^8.15.5",
      "readline": "^1.3.0",
      "qrcode-terminal": "^0.12.0",
      "chalk": "^4.1.2",
      "mongoose": "^7.5.4",
      "node-cron": "^3.0.2",
      "os": "^0.1.2",
      "crypto": "^1.0.1",
      "fluent-ffmpeg": "^2.1.2",
      "node-webpmux": "^3.1.9",
      "form-data": "^4.0.0",
      "file-type": "^16.5.3",
      "util": "^0.12.4",
      "axios": "0.24.0",
      "path": "^0.12.7",
      "nodemon": "^3.0.1"
    },
    "author": "Dani Ramdani",
    "license": "ISC"
  }

yarn manifest: 
  No manifest

Lockfile: 
  No lockfile
